\BOOKMARK [1][-]{section.1}{\376\377\000B\000e\000v\000e\000z\000e\000t\000\351\000s}{}% 1
\BOOKMARK [2][-]{subsection.1.1}{\376\377\000A\000\040\000d\000o\000l\000g\000o\000z\000a\000t\000\040\000m\000o\000t\000i\000v\000\341\000c\000i\000\363\000j\000a}{section.1}% 2
\BOOKMARK [2][-]{subsection.1.2}{\376\377\000B\000a\000c\000k\000d\000o\000o\000r\000-\000o\000k\000\040\000\050\000h\000\341\000t\000s\000\363\000\040\000k\000a\000p\000u\000k\000\051\000\040\000\351\000s\000\040\000m\000a\000n\000-\000i\000n\000-\000t\000h\000e\000-\000m\000i\000d\000d\000l\000e\000\040\000t\000\355\000p\000u\000s\000\372\000\040\000t\000\341\000m\000a\000d\000\341\000s\000o\000k}{section.1}% 3
\BOOKMARK [3][-]{subsubsection.1.2.1}{\376\377\000A\000\040\000b\000a\000c\000k\000d\000o\000o\000r\000o\000k\000\040\000\050\000h\000\341\000t\000s\000\363\000\040\000k\000a\000p\000u\000k\000\051}{subsection.1.2}% 4
\BOOKMARK [3][-]{subsubsection.1.2.2}{\376\377\000M\000a\000n\000-\000i\000n\000-\000t\000h\000e\000-\000m\000i\000d\000d\000l\000e\000\040\000t\000\355\000p\000u\000s\000\372\000\040\000t\000\341\000m\000a\000d\000\341\000s\000o\000k}{subsection.1.2}% 5
\BOOKMARK [1][-]{section.2}{\376\377\000A\000z\000\040\000X\000Z\000\040\000B\000a\000c\000k\000d\000o\000o\000r\000-\000a\000l\000\040\000k\000a\000p\000c\000s\000o\000l\000a\000t\000o\000s\000\040\000p\000s\000z\000i\000c\000h\000o\000l\000\363\000g\000i\000a\000i\000\040\000m\000a\000n\000i\000p\000u\000l\000\341\000c\000i\000\363}{}% 6
\BOOKMARK [2][-]{subsection.2.1}{\376\377\000A\000\040\000t\000\341\000m\000a\000d\000\341\000s\000t\000\040\000m\000e\000g\000e\000l\001\121\000z\001\121\000\040\000t\000\366\000r\000t\000\351\000n\000\351\000s\000e\000k}{section.2}% 7
\BOOKMARK [3][-]{subsubsection.2.1.1}{\376\377\000A\000z\000\040\000X\000Z\000\040\000U\000t\000i\000l\000s\000\040\000s\000z\000o\000f\000t\000v\000e\000r\000k\000\351\000s\000z\000l\000e\000t\000\040\000h\000\341\000t\000t\000\351\000r\000t\000\366\000r\000t\000\351\000n\000e\000t\000e}{subsection.2.1}% 8
\BOOKMARK [3][-]{subsubsection.2.1.2}{\376\377\0002\0000\0002\0001\000\040\000-\000\040\000K\000e\000z\000d\000e\000t\000e\000k}{subsection.2.1}% 9
\BOOKMARK [3][-]{subsubsection.2.1.3}{\376\377\0002\0000\0002\0002\000\040\000-\000\040\000L\000a\000s\000s\000e\000\040\000C\000o\000l\000l\000i\000n\000\040\000m\000a\000n\000i\000p\000u\000l\000\341\000l\000\341\000s\000a}{subsection.2.1}% 10
\BOOKMARK [3][-]{subsubsection.2.1.4}{\376\377\0002\0000\0002\0003\000\040\000-\000\040\000J\000i\000a\000\040\000T\000a\000n\000\040\000b\000e\000f\000o\000l\000y\000\341\000s\000a}{subsection.2.1}% 11
\BOOKMARK [3][-]{subsubsection.2.1.5}{\376\377\0002\0000\0002\0004\000\040\000-\000\040\000V\000\351\000g\000s\001\121\000\040\000l\000\351\000p\000\351\000s\000e\000k}{subsection.2.1}% 12
\BOOKMARK [2][-]{subsection.2.2}{\376\377\000F\000o\000n\000t\000o\000s\000\040\000s\000z\000e\000m\000\351\000l\000y\000e\000k\000\040\000a\000\040\000t\000\341\000m\000a\000d\000\341\000s\000t\000\040\000i\000l\000l\000e\000t\001\121\000e\000n}{section.2}% 13
\BOOKMARK [3][-]{subsubsection.2.2.1}{\376\377\000L\000a\000s\000s\000e\000\040\000C\000o\000l\000l\000i\000n\000\040\000-\000\040\000A\000\040\000t\000\366\000k\000\351\000l\000e\000t\000e\000s\000\040\000c\000\351\000l\000p\000o\000n\000t}{subsection.2.2}% 14
\BOOKMARK [3][-]{subsubsection.2.2.2}{\376\377\000J\000i\000a\000\040\000T\000a\000n\000,\000\040\000J\000i\000g\000a\000r\000\040\000K\000u\000m\000a\000r\000,\000\040\000D\000e\000n\000n\000i\000s\000\040\000E\000n\000s\000\040\000\351\000s\000\040\000H\000a\000n\000s\000\040\000J\000a\000n\000s\000e\000n}{subsection.2.2}% 15
\BOOKMARK [3][-]{subsubsection.2.2.3}{\376\377\000A\000n\000d\000r\000e\000s\000\040\000F\000r\000e\000u\000n\000d\000\040\000-\000\040\000A\000k\000i\000\040\000n\000\351\000l\000k\000\374\000l\000\040\000n\000e\000m\000\040\000d\000e\000r\000\374\000l\000t\000\040\000v\000o\000l\000n\000a\000\040\000f\000\351\000n\000y\000\040\000a\000\040\000t\000\341\000m\000a\000d\000\341\000s\000r\000a}{subsection.2.2}% 16
\BOOKMARK [2][-]{subsection.2.3}{\376\377\000A\000\040\000t\000\341\000m\000a\000d\000\341\000s\000\040\000k\000i\000v\000i\000t\000e\000l\000e\000z\000\351\000s\000\351\000n\000e\000k\000\040\000k\000u\000l\000c\000s\000a}{section.2}% 17
\BOOKMARK [1][-]{section.3}{\376\377\000A\000z\000\040\000X\000Z\000\040\000B\000a\000c\000k\000d\000o\000o\000r\000\040\000t\000e\000c\000h\000n\000i\000k\000a\000i\000\040\000o\000l\000d\000a\000l\000a}{}% 18
\BOOKMARK [2][-]{subsection.3.1}{\376\377\000M\000e\000g\000j\000e\000g\000y\000z\000\351\000s\000e\000k}{section.3}% 19
\BOOKMARK [2][-]{subsection.3.2}{\376\377\000N\000u\000l\000l\000a\000d\000i\000k\000\040\000l\000\351\000p\000\351\000s\000\040\040\023\000\040\000e\000l\001\121\000k\000\351\000s\000z\000\374\000l\000e\000t\000e\000k}{section.3}% 20
\BOOKMARK [2][-]{subsection.3.3}{\376\377\000E\000l\000s\001\121\000\040\000l\000\351\000p\000\351\000s}{section.3}% 21
\BOOKMARK [2][-]{subsection.3.4}{\376\377\000M\000\341\000s\000o\000d\000i\000k\000\040\000l\000\351\000p\000\351\000s}{section.3}% 22
\BOOKMARK [3][-]{subsubsection.3.4.1}{\376\377\000A\000\040\000m\000\341\000s\000o\000d\000i\000k\000\040\000l\000\351\000p\000\351\000s\000\040\000"\000k\000i\000t\000e\000r\000j\000e\000s\000z\000t\000\351\000s\000i\000"\000\040\000m\000e\000c\000h\000a\000n\000i\000z\000m\000u\000s\000a\000:}{subsection.3.4}% 23
\BOOKMARK [3][-]{subsubsection.3.4.2}{\376\377\000A\000\040\000b\000a\000c\000k\000d\000o\000o\000r\000\040\000k\000i\000b\000o\000n\000t\000\341\000s\000a}{subsection.3.4}% 24
\BOOKMARK [2][-]{subsection.3.5}{\376\377\000M\000i\000\040\000t\000\366\000r\000t\000\351\000n\000t\000\040\000v\000o\000l\000n\000a\000\040\000e\000z\000e\000k\000\040\000u\000t\000\341\000n\000?}{section.3}% 25
\BOOKMARK [3][-]{subsubsection.3.5.1}{\376\377\000H\000a\000s\000z\000n\000o\000s\000\040\000i\000n\000f\000o\000r\000m\000\341\000c\000i\000\363\000k\000\040\000a\000\040\000b\000a\000c\000k\000d\000o\000o\000r\000\040\000v\000i\000z\000s\000g\000\341\000l\000a\000t\000\341\000v\000a\000l\000\040\000k\000a\000p\000c\000s\000o\000l\000a\000t\000b\000a\000n}{subsection.3.5}% 26
\BOOKMARK [3][-]{subsubsection.3.5.2}{\376\377\000H\000o\000g\000y\000a\000n\000\040\000i\000s\000\040\000m\001\161\000k\000\366\000d\000i\000k\000\040\000a\000\040\000b\000a\000c\000k\000d\000o\000o\000r\000?}{subsection.3.5}% 27
\BOOKMARK [1][-]{section.4}{\376\377\000\326\000s\000s\000z\000e\000g\000z\000\351\000s}{}% 28
