This is pdfTeX, Version 3.141592653-2.6-1.40.22 (TeX Live 2022/dev/Debian) (preloaded format=latex 2024.5.1)  1 MAY 2024 14:52
entering extended mode
 restricted \write18 enabled.
 %&-line parsing enabled.
**\makeatletter\def\HCode{\futurelet\HCode\HChar}\def\HChar{\ifx"\HCode\def\HCo
de"##1"{\Link##1}\expandafter\HCode\else\expandafter\Link\fi}\def\Link#1.a.b.c.
{\AddToHook{class/before}{\RequirePackage[#1,html]{tex4ht}}\let\HCode\documents
tyle\def\documentstyle{\let\documentstyle\HCode\expandafter\def\csname tex4ht\e
ndcsname{#1,html}\def\HCode####1{\documentstyle[tex4ht,}\@ifnextchar[{\HCode}{\
documentstyle[tex4ht]}}}\makeatother\HCode xhtml,,charset=utf-8,html5.a.b.c.\in
put "\detokenize{main.tex}"
(./main.tex (/usr/share/texlive/texmf-dist/tex/generic/tex4ht/tex4ht.sty
version 2021-09-14-14:11
Package: tex4ht 
--------------------------------------
--- Note --- for _ at preamble, use the command line option `early_'
--------------------------------------
--------------------------------------
--- Note --- for ^ at preamble, use the command line option `early^'
--------------------------------------
\tmp:toks=\toks16
) (/usr/share/texlive/texmf-dist/tex/latex/base/article.cls
Document Class: article 2021/10/04 v1.4n Standard LaTeX document class
(/usr/share/texlive/texmf-dist/tex/latex/base/size11.clo
File: size11.clo 2021/10/04 v1.4n Standard LaTeX file (size option)
)
\c@part=\count185
\c@section=\count186
\c@subsection=\count187
\c@subsubsection=\count188
\c@paragraph=\count189
\c@subparagraph=\count190
\c@figure=\count191
\c@table=\count192
\abovecaptionskip=\skip47
\belowcaptionskip=\skip48
\bibindent=\dimen138
) (/usr/share/texlive/texmf-dist/tex/generic/tex4ht/usepackage.4ht
version 2022-01-11-14:12
) (/usr/share/texlive/texmf-dist/tex/generic/babel/babel.sty
Package: babel 2022/01/26 3.70 The Babel package
\babel@savecnt=\count193
\U@D=\dimen139
\l@unhyphenated=\language87
(/usr/share/texlive/texmf-dist/tex/generic/babel/txtbabel.def)
\bbl@readstream=\read2
\bbl@dirlevel=\count194
(/usr/share/texlive/texmf-dist/tex/generic/babel-hungarian/magyar.ldf
Language: hungarian 2019/01/14 v1.5c Magyar (Hungarian) support for babel
Package babel Info: Making ` an active character on input line 2819.
\c@footnote@add=\count195
\c@footnote@ch=\count196
)) (/usr/share/texlive/texmf-dist/tex/latex/geometry/geometry.sty
Package: geometry 2020/01/02 v5.9 Page Geometry
(/usr/share/texlive/texmf-dist/tex/latex/graphics/keyval.sty
Package: keyval 2014/10/28 v1.15 key=value parser (DPC)
\KV@toks@=\toks17
) (/usr/share/texlive/texmf-dist/tex/generic/iftex/ifvtex.sty
Package: ifvtex 2019/10/25 v1.7 ifvtex legacy package. Use iftex instead.
(/usr/share/texlive/texmf-dist/tex/generic/iftex/iftex.sty
Package: iftex 2020/03/06 v1.0d TeX engine tests
))
\Gm@cnth=\count197
\Gm@cntv=\count198
\c@Gm@tempcnt=\count199
\Gm@bindingoffset=\dimen140
\Gm@wd@mp=\dimen141
\Gm@odd@mp=\dimen142
\Gm@even@mp=\dimen143
\Gm@layoutwidth=\dimen144
\Gm@layoutheight=\dimen145
\Gm@layouthoffset=\dimen146
\Gm@layoutvoffset=\dimen147
\Gm@dimlist=\toks18
) (/usr/share/texlive/texmf-dist/tex/latex/amsmath/amsmath.sty
Package: amsmath 2021/10/15 v2.17l AMS math features
\@mathmargin=\skip49
For additional information on amsmath, use the `?' option.
(/usr/share/texlive/texmf-dist/tex/latex/amsmath/amstext.sty
Package: amstext 2021/08/26 v2.01 AMS text
(/usr/share/texlive/texmf-dist/tex/latex/amsmath/amsgen.sty
File: amsgen.sty 1999/11/30 v2.0 generic functions
\@emptytoks=\toks19
\ex@=\dimen148
)) (/usr/share/texlive/texmf-dist/tex/latex/amsmath/amsbsy.sty
Package: amsbsy 1999/11/29 v1.2d Bold Symbols
\pmbraise@=\dimen149
) (/usr/share/texlive/texmf-dist/tex/latex/amsmath/amsopn.sty
Package: amsopn 2021/08/26 v2.02 operator names
)
\inf@bad=\count266
LaTeX Info: Redefining \frac on input line 234.
\uproot@=\count267
\leftroot@=\count268
LaTeX Info: Redefining \overline on input line 399.
\classnum@=\count269
\DOTSCASE@=\count270
LaTeX Info: Redefining \ldots on input line 496.
LaTeX Info: Redefining \dots on input line 499.
LaTeX Info: Redefining \cdots on input line 620.
\Mathstrutbox@=\box50
\strutbox@=\box51
\big@size=\dimen150
LaTeX Font Info:    Redeclaring font encoding OML on input line 743.
LaTeX Font Info:    Redeclaring font encoding OMS on input line 744.
\macc@depth=\count271
\c@MaxMatrixCols=\count272
\dotsspace@=\muskip16
\c@parentequation=\count273
\dspbrk@lvl=\count274
\tag@help=\toks20
\row@=\count275
\column@=\count276
\maxfields@=\count277
\andhelp@=\toks21
\eqnshift@=\dimen151
\alignsep@=\dimen152
\tagshift@=\dimen153
\tagwidth@=\dimen154
\totwidth@=\dimen155
\lineht@=\dimen156
\@envbody=\toks22
\multlinegap=\skip50
\multlinetaggap=\skip51
\mathdisplay@stack=\toks23
LaTeX Info: Redefining \[ on input line 2938.
LaTeX Info: Redefining \] on input line 2939.
) (/usr/share/texlive/texmf-dist/tex/latex/graphics/graphicx.sty
Package: graphicx 2021/09/16 v1.2d Enhanced LaTeX Graphics (DPC,SPQR)
(/usr/share/texlive/texmf-dist/tex/generic/tex4ht/graphics-hooks.4ht
version 2020-10-17-13:53
) (/usr/share/texlive/texmf-dist/tex/latex/graphics/graphics.sty
Package: graphics 2021/03/04 v1.4d Standard LaTeX Graphics (DPC,SPQR)
(/usr/share/texlive/texmf-dist/tex/latex/graphics/trig.sty
Package: trig 2021/08/11 v1.11 sin cos tan (DPC)
) (/usr/share/texlive/texmf-dist/tex/latex/graphics-cfg/graphics.cfg
File: graphics.cfg 2016/06/04 v1.11 sample graphics configuration
)
Package graphics Info: Driver file: dvips.def on input line 107.
(/usr/share/texlive/texmf-dist/tex/latex/graphics-def/dvips.def
File: dvips.def 2017/06/20 v3.1d Graphics/color driver for dvips
))
\Gin@req@height=\dimen157
\Gin@req@width=\dimen158
) (/usr/share/texlive/texmf-dist/tex/generic/tex4ht/hyperref-hooks.4ht
version 2021-12-11-13:37
) (/usr/share/texlive/texmf-dist/tex/latex/hyperref/hyperref.sty
Package: hyperref 2021-06-07 v7.00m Hypertext links for LaTeX
(/usr/share/texlive/texmf-dist/tex/generic/ltxcmds/ltxcmds.sty
Package: ltxcmds 2020-05-10 v1.25 LaTeX kernel commands for general use (HO)
) (/usr/share/texlive/texmf-dist/tex/generic/pdftexcmds/pdftexcmds.sty
Package: pdftexcmds 2020-06-27 v0.33 Utility functions of pdfTeX for LuaTeX (HO
)
(/usr/share/texlive/texmf-dist/tex/generic/infwarerr/infwarerr.sty
Package: infwarerr 2019/12/03 v1.5 Providing info/warning/error messages (HO)
)
Package pdftexcmds Info: \pdf@primitive is available.
Package pdftexcmds Info: \pdf@ifprimitive is available.
Package pdftexcmds Info: \pdfdraftmode is ignored in DVI mode.
) (/usr/share/texlive/texmf-dist/tex/generic/kvsetkeys/kvsetkeys.sty
Package: kvsetkeys 2019/12/15 v1.18 Key value parser (HO)
) (/usr/share/texlive/texmf-dist/tex/generic/kvdefinekeys/kvdefinekeys.sty
Package: kvdefinekeys 2019-12-19 v1.6 Define keys (HO)
) (/usr/share/texlive/texmf-dist/tex/generic/pdfescape/pdfescape.sty
Package: pdfescape 2019/12/09 v1.15 Implements pdfTeX's escape features (HO)
) (/usr/share/texlive/texmf-dist/tex/latex/hycolor/hycolor.sty
Package: hycolor 2020-01-27 v1.10 Color options for hyperref/bookmark (HO)
) (/usr/share/texlive/texmf-dist/tex/latex/letltxmacro/letltxmacro.sty
Package: letltxmacro 2019/12/03 v1.6 Let assignment for LaTeX macros (HO)
) (/usr/share/texlive/texmf-dist/tex/latex/auxhook/auxhook.sty
Package: auxhook 2019-12-17 v1.6 Hooks for auxiliary files (HO)

Package auxhook Warning: Cannot patch \document,
(auxhook)                using \AtBeginDocument instead.

) (/usr/share/texlive/texmf-dist/tex/latex/kvoptions/kvoptions.sty
Package: kvoptions 2020-10-07 v3.14 Key value format for package options (HO)
)
\@linkdim=\dimen159
\Hy@linkcounter=\count278
\Hy@pagecounter=\count279
(/usr/share/texlive/texmf-dist/tex/latex/hyperref/pd1enc.def
File: pd1enc.def 2021-06-07 v7.00m Hyperref: PDFDocEncoding definition (HO)
Now handling font encoding PD1 ...
... no UTF-8 mapping file for font encoding PD1
) (/usr/share/texlive/texmf-dist/tex/latex/hyperref/hyperref-langpatches.def
File: hyperref-langpatches.def 2021-06-07 v7.00m Hyperref: patches for babel la
nguages
) (/usr/share/texlive/texmf-dist/tex/generic/intcalc/intcalc.sty
Package: intcalc 2019/12/15 v1.3 Expandable calculations with integers (HO)
) (/usr/share/texlive/texmf-dist/tex/generic/etexcmds/etexcmds.sty
Package: etexcmds 2019/12/15 v1.7 Avoid name clashes with e-TeX commands (HO)
)
\Hy@SavedSpaceFactor=\count280
(/usr/share/texlive/texmf-dist/tex/latex/hyperref/puenc.def
File: puenc.def 2021-06-07 v7.00m Hyperref: PDF Unicode definition (HO)
Now handling font encoding PU ...
... no UTF-8 mapping file for font encoding PU
)
Package hyperref Info: Option `colorlinks' set `true' on input line 4073.
Package hyperref Info: Option `colorlinks' set `true' on input line 4073.
Package hyperref Info: Hyper figures OFF on input line 4192.
Package hyperref Info: Link nesting OFF on input line 4197.
Package hyperref Info: Hyper index ON on input line 4200.
Package hyperref Info: Plain pages OFF on input line 4207.
Package hyperref Info: Backreferencing OFF on input line 4212.
Package hyperref Info: Implicit mode ON; LaTeX internals redefined.
Package hyperref Info: Bookmarks ON on input line 4445.
\c@Hy@tempcnt=\count281
(/usr/share/texlive/texmf-dist/tex/latex/url/url.sty
\Urlmuskip=\muskip17
Package: url 2013/09/16  ver 3.4  Verb mode for urls, etc.
)
LaTeX Info: Redefining \url on input line 4804.
\XeTeXLinkMargin=\dimen160
(/usr/share/texlive/texmf-dist/tex/generic/bitset/bitset.sty
Package: bitset 2019/12/09 v1.3 Handle bit-vector datatype (HO)
(/usr/share/texlive/texmf-dist/tex/generic/bigintcalc/bigintcalc.sty
Package: bigintcalc 2019/12/15 v1.5 Expandable calculations on big integers (HO
)
))
\Fld@menulength=\count282
\Field@Width=\dimen161
\Fld@charsize=\dimen162
\Field@toks=\toks24
Package hyperref Info: Hyper figures OFF on input line 6076.
Package hyperref Info: Link nesting OFF on input line 6081.
Package hyperref Info: Hyper index ON on input line 6084.
Package hyperref Info: backreferencing OFF on input line 6091.
Package hyperref Info: Link coloring ON on input line 6094.
Package hyperref Info: Link coloring with OCG OFF on input line 6101.
Package hyperref Info: PDF/A mode OFF on input line 6106.
LaTeX Info: Redefining \ref on input line 6146.
LaTeX Info: Redefining \pageref on input line 6150.
(/usr/share/texlive/texmf-dist/tex/latex/base/atbegshi-ltx.sty
Package: atbegshi-ltx 2021/01/10 v1.0c Emulation of the original atbegshi
package with kernel methods
)
\Hy@abspage=\count283

Package hyperref Message: Stopped early.

)
Package hyperref Info: Driver: htex4ht.
(/usr/share/texlive/texmf-dist/tex/latex/hyperref/htex4ht.def
File: htex4ht.def 2021-06-07 v7.00m Hyperref driver for TeX4ht
Package hyperref Info: tex4ht is already loaded.
) (/usr/share/texlive/texmf-dist/tex/latex/base/ifthen.sty
Package: ifthen 2020/11/24 v1.1c Standard LaTeX ifthen package (DPC)
) (/usr/share/texlive/texmf-dist/tex/latex/hyperref/nameref.sty
Package: nameref 2021-04-02 v2.47 Cross-referencing by name of section
(/usr/share/texlive/texmf-dist/tex/latex/refcount/refcount.sty
Package: refcount 2019/12/15 v3.6 Data extraction from label references (HO)
) (/usr/share/texlive/texmf-dist/tex/generic/gettitlestring/gettitlestring.sty
Package: gettitlestring 2019/12/15 v1.6 Cleanup title references (HO)
)
\c@section@level=\count284
) (/usr/share/texlive/texmf-dist/tex/latex/tools/indentfirst.sty
Package: indentfirst 1995/11/23 v1.03 Indent first paragraph (DPC)
) (/usr/share/texlive/texmf-dist/tex/generic/tex4ht/hyperref-hooks.4ht
version 2021-12-11-13:37
) (/usr/share/texlive/texmf-dist/tex/latex/float/float.sty
Package: float 2001/11/08 v1.3d Float enhancements (AL)
\c@float@type=\count285
\float@exts=\toks25
\float@box=\box52
\@float@everytoks=\toks26
\@floatcapt=\box53
) (/usr/share/texlive/texmf-dist/tex/latex/placeins/placeins.sty
Package: placeins 2005/04/18  v 2.2
) (/usr/share/texlive/texmf-dist/tex/latex/base/t1enc.sty
Package: t1enc 1994/06/01 Standard LaTeX package
) (/usr/share/texlive/texmf-dist/tex/latex/l3packages/xparse/xparse.sty (/usr/s
hare/texlive/texmf-dist/tex/generic/tex4ht/expl3-hooks.4ht
version 2020-10-17-13:53
) (/usr/share/texlive/texmf-dist/tex/latex/l3kernel/expl3.sty
Package: expl3 2022-01-21 L3 programming layer (loader) 
(/usr/share/texlive/texmf-dist/tex/latex/l3backend/l3backend-dvips.def
File: l3backend-dvips.def 2022-01-12 L3 backend support: dvips
\l__pdf_internal_box=\box54
\g__pdf_backend_object_int=\count286
\l__pdf_backend_content_box=\box55
\l__pdf_backend_model_box=\box56
\g__pdf_backend_annotation_int=\count287
\g__pdf_backend_link_int=\count288
\g__pdf_backend_link_sf_int=\count289
))
Package: xparse 2022-01-12 L3 Experimental document command parser
) (/usr/share/texlive/texmf-dist/tex/latex/listings/listings.sty
\lst@mode=\count290
\lst@gtempboxa=\box57
\lst@token=\toks27
\lst@length=\count291
\lst@currlwidth=\dimen163
\lst@column=\count292
\lst@pos=\count293
\lst@lostspace=\dimen164
\lst@width=\dimen165
\lst@newlines=\count294
\lst@lineno=\count295
\lst@maxwidth=\dimen166
(/usr/share/texlive/texmf-dist/tex/latex/listings/lstmisc.sty
File: lstmisc.sty 2020/03/24 1.8d (Carsten Heinz)
\c@lstnumber=\count296
\lst@skipnumbers=\count297
\lst@framebox=\box58
) (/usr/share/texlive/texmf-dist/tex/latex/listings/listings.cfg
File: listings.cfg 2020/03/24 1.8d listings configuration
))
Package: listings 2020/03/24 1.8d (Carsten Heinz)
(/usr/share/texlive/texmf-dist/tex/generic/tex4ht/xcolor-hooks.4ht
version 2020-10-17-13:53
) (/usr/share/texlive/texmf-dist/tex/latex/xcolor/xcolor.sty
Package: xcolor 2021/10/31 v2.13 LaTeX color extensions (UK)
(/usr/share/texlive/texmf-dist/tex/latex/graphics-cfg/color.cfg
File: color.cfg 2016/01/02 v1.6 sample color configuration
)
Package xcolor Info: Driver file: dvips.def on input line 227.
Package xcolor Info: Model `cmy' substituted by `cmy0' on input line 1352.
Package xcolor Info: Model `RGB' extended on input line 1368.
Package xcolor Info: Model `HTML' substituted by `rgb' on input line 1370.
Package xcolor Info: Model `Hsb' substituted by `hsb' on input line 1371.
Package xcolor Info: Model `tHsb' substituted by `hsb' on input line 1372.
Package xcolor Info: Model `HSB' substituted by `hsb' on input line 1373.
Package xcolor Info: Model `Gray' substituted by `gray' on input line 1374.
Package xcolor Info: Model `wave' substituted by `hsb' on input line 1375.
) (/usr/share/texlive/texmf-dist/tex/latex/caption/subcaption.sty
Package: subcaption 2020/10/07 v1.3j Sub-captions (AR)
(/usr/share/texlive/texmf-dist/tex/generic/tex4ht/caption-hooks.4ht
version 2021-05-16-09:21
) (/usr/share/texlive/texmf-dist/tex/latex/caption/caption.sty
Package: caption 2020/10/26 v3.5g Customizing captions (AR)
(/usr/share/texlive/texmf-dist/tex/latex/caption/caption3.sty
Package: caption3 2020/10/21 v2.2e caption3 kernel (AR)
\captionmargin=\dimen167
\captionmargin@=\dimen168
\captionwidth=\dimen169
\caption@tempdima=\dimen170
\caption@indent=\dimen171
\caption@parindent=\dimen172
\caption@hangindent=\dimen173
Package caption Info: Standard document class detected.
Package caption Info: hungarian babel package is loaded.
)
\c@caption@flags=\count298
\c@continuedfloat=\count299
Package caption Info: hungarian babel package is loaded.
Package caption Info: float package is loaded.
Package caption Info: hyperref package is loaded.
Package caption Info: Hyperref support is turned off
(caption)             because hyperref has stopped early.
Package caption Info: listings package is loaded.
)
\c@subfigure=\count300
\c@subtable=\count301
) (/usr/share/texlive/texmf-dist/tex/generic/tex4ht/tikz-hooks.4ht
version 2021-10-21-13:56
*****************************
TeX4ht info: Using dvisvgm4ht TikZ driver. Put \def \pgfsysdriver {driver-name}
 to your document before use of TikZ if you want to another driver. Use tikz+ o
ption if your TikZ pictures use patterns.
) (/usr/share/texlive/texmf-dist/tex/latex/pgf/frontendlayer/tikz.sty (/usr/sha
re/texlive/texmf-dist/tex/latex/pgf/basiclayer/pgf.sty (/usr/share/texlive/texm
f-dist/tex/latex/pgf/utilities/pgfrcs.sty (/usr/share/texlive/texmf-dist/tex/ge
neric/pgf/utilities/pgfutil-common.tex
\pgfutil@everybye=\toks28
\pgfutil@tempdima=\dimen174
\pgfutil@tempdimb=\dimen175

(/usr/share/texlive/texmf-dist/tex/generic/pgf/utilities/pgfutil-common-lists.t
ex)) (/usr/share/texlive/texmf-dist/tex/generic/pgf/utilities/pgfutil-latex.def
\pgfutil@abb=\box59
) (/usr/share/texlive/texmf-dist/tex/generic/pgf/utilities/pgfrcs.code.tex (/us
r/share/texlive/texmf-dist/tex/generic/pgf/pgf.revision.tex)
Package: pgfrcs 2021/05/15 v3.1.9a (3.1.9a)
))
Package: pgf 2021/05/15 v3.1.9a (3.1.9a)
(/usr/share/texlive/texmf-dist/tex/latex/pgf/basiclayer/pgfcore.sty (/usr/share
/texlive/texmf-dist/tex/latex/pgf/systemlayer/pgfsys.sty (/usr/share/texlive/te
xmf-dist/tex/generic/pgf/systemlayer/pgfsys.code.tex
Package: pgfsys 2021/05/15 v3.1.9a (3.1.9a)
(/usr/share/texlive/texmf-dist/tex/generic/pgf/utilities/pgfkeys.code.tex
\pgfkeys@pathtoks=\toks29
\pgfkeys@temptoks=\toks30

(/usr/share/texlive/texmf-dist/tex/generic/pgf/utilities/pgfkeysfiltered.code.t
ex
\pgfkeys@tmptoks=\toks31
))
\pgf@x=\dimen176
\pgf@y=\dimen177
\pgf@xa=\dimen178
\pgf@ya=\dimen179
\pgf@xb=\dimen180
\pgf@yb=\dimen181
\pgf@xc=\dimen182
\pgf@yc=\dimen183
\pgf@xd=\dimen184
\pgf@yd=\dimen185
\w@pgf@writea=\write3
\r@pgf@reada=\read3
\c@pgf@counta=\count302
\c@pgf@countb=\count303
\c@pgf@countc=\count304
\c@pgf@countd=\count305
\t@pgf@toka=\toks32
\t@pgf@tokb=\toks33
\t@pgf@tokc=\toks34
\pgf@sys@id@count=\count306
(/usr/share/texlive/texmf-dist/tex/generic/pgf/systemlayer/pgf.cfg
File: pgf.cfg 2021/05/15 v3.1.9a (3.1.9a)
)
Driver file for pgf: pgfsys-dvisvgm4ht.def

(/usr/share/texlive/texmf-dist/tex/generic/pgf/systemlayer/pgfsys-dvisvgm4ht.de
f
File: pgfsys-dvisvgm4ht.def 2021/05/15 v3.1.9a (3.1.9a)
(/usr/share/texlive/texmf-dist/tex/generic/pgf/systemlayer/pgfsys-dvips.def
File: pgfsys-dvips.def 2021/05/15 v3.1.9a (3.1.9a)

(/usr/share/texlive/texmf-dist/tex/generic/pgf/systemlayer/pgfsys-common-postsc
ript.def
File: pgfsys-common-postscript.def 2021/05/15 v3.1.9a (3.1.9a)
\pgf@objectcount=\count307
))))
(/usr/share/texlive/texmf-dist/tex/generic/pgf/systemlayer/pgfsyssoftpath.code.
tex
File: pgfsyssoftpath.code.tex 2021/05/15 v3.1.9a (3.1.9a)
\pgfsyssoftpath@smallbuffer@items=\count308
\pgfsyssoftpath@bigbuffer@items=\count309
)
(/usr/share/texlive/texmf-dist/tex/generic/pgf/systemlayer/pgfsysprotocol.code.
tex
File: pgfsysprotocol.code.tex 2021/05/15 v3.1.9a (3.1.9a)
)) (/usr/share/texlive/texmf-dist/tex/generic/tex4ht/xcolor-hooks.4ht
version 2020-10-17-13:53
) (/usr/share/texlive/texmf-dist/tex/generic/pgf/basiclayer/pgfcore.code.tex
Package: pgfcore 2021/05/15 v3.1.9a (3.1.9a)
(/usr/share/texlive/texmf-dist/tex/generic/pgf/math/pgfmath.code.tex (/usr/shar
e/texlive/texmf-dist/tex/generic/pgf/math/pgfmathcalc.code.tex (/usr/share/texl
ive/texmf-dist/tex/generic/pgf/math/pgfmathutil.code.tex) (/usr/share/texlive/t
exmf-dist/tex/generic/pgf/math/pgfmathparser.code.tex
\pgfmath@dimen=\dimen186
\pgfmath@count=\count310
\pgfmath@box=\box60
\pgfmath@toks=\toks35
\pgfmath@stack@operand=\toks36
\pgfmath@stack@operation=\toks37
) (/usr/share/texlive/texmf-dist/tex/generic/pgf/math/pgfmathfunctions.code.tex

(/usr/share/texlive/texmf-dist/tex/generic/pgf/math/pgfmathfunctions.basic.code
.tex)
(/usr/share/texlive/texmf-dist/tex/generic/pgf/math/pgfmathfunctions.trigonomet
ric.code.tex)
(/usr/share/texlive/texmf-dist/tex/generic/pgf/math/pgfmathfunctions.random.cod
e.tex)
(/usr/share/texlive/texmf-dist/tex/generic/pgf/math/pgfmathfunctions.comparison
.code.tex)
(/usr/share/texlive/texmf-dist/tex/generic/pgf/math/pgfmathfunctions.base.code.
tex)
(/usr/share/texlive/texmf-dist/tex/generic/pgf/math/pgfmathfunctions.round.code
.tex)
(/usr/share/texlive/texmf-dist/tex/generic/pgf/math/pgfmathfunctions.misc.code.
tex)
(/usr/share/texlive/texmf-dist/tex/generic/pgf/math/pgfmathfunctions.integerari
thmetics.code.tex))) (/usr/share/texlive/texmf-dist/tex/generic/pgf/math/pgfmat
hfloat.code.tex
\c@pgfmathroundto@lastzeros=\count311
)) (/usr/share/texlive/texmf-dist/tex/generic/pgf/math/pgfint.code.tex)
(/usr/share/texlive/texmf-dist/tex/generic/pgf/basiclayer/pgfcorepoints.code.te
x
File: pgfcorepoints.code.tex 2021/05/15 v3.1.9a (3.1.9a)
\pgf@picminx=\dimen187
\pgf@picmaxx=\dimen188
\pgf@picminy=\dimen189
\pgf@picmaxy=\dimen190
\pgf@pathminx=\dimen191
\pgf@pathmaxx=\dimen192
\pgf@pathminy=\dimen193
\pgf@pathmaxy=\dimen194
\pgf@xx=\dimen195
\pgf@xy=\dimen196
\pgf@yx=\dimen197
\pgf@yy=\dimen198
\pgf@zx=\dimen199
\pgf@zy=\dimen256
)
(/usr/share/texlive/texmf-dist/tex/generic/pgf/basiclayer/pgfcorepathconstruct.
code.tex
File: pgfcorepathconstruct.code.tex 2021/05/15 v3.1.9a (3.1.9a)
\pgf@path@lastx=\dimen257
\pgf@path@lasty=\dimen258
)
(/usr/share/texlive/texmf-dist/tex/generic/pgf/basiclayer/pgfcorepathusage.code
.tex
File: pgfcorepathusage.code.tex 2021/05/15 v3.1.9a (3.1.9a)
\pgf@shorten@end@additional=\dimen259
\pgf@shorten@start@additional=\dimen260
)
(/usr/share/texlive/texmf-dist/tex/generic/pgf/basiclayer/pgfcorescopes.code.te
x
File: pgfcorescopes.code.tex 2021/05/15 v3.1.9a (3.1.9a)
\pgfpic=\box61
\pgf@hbox=\box62
\pgf@layerbox@main=\box63
\pgf@picture@serial@count=\count312
)
(/usr/share/texlive/texmf-dist/tex/generic/pgf/basiclayer/pgfcoregraphicstate.c
ode.tex
File: pgfcoregraphicstate.code.tex 2021/05/15 v3.1.9a (3.1.9a)
\pgflinewidth=\dimen261
)
(/usr/share/texlive/texmf-dist/tex/generic/pgf/basiclayer/pgfcoretransformation
s.code.tex
File: pgfcoretransformations.code.tex 2021/05/15 v3.1.9a (3.1.9a)
\pgf@pt@x=\dimen262
\pgf@pt@y=\dimen263
\pgf@pt@temp=\dimen264
)
(/usr/share/texlive/texmf-dist/tex/generic/pgf/basiclayer/pgfcorequick.code.tex
File: pgfcorequick.code.tex 2021/05/15 v3.1.9a (3.1.9a)
)
(/usr/share/texlive/texmf-dist/tex/generic/pgf/basiclayer/pgfcoreobjects.code.t
ex
File: pgfcoreobjects.code.tex 2021/05/15 v3.1.9a (3.1.9a)
)
(/usr/share/texlive/texmf-dist/tex/generic/pgf/basiclayer/pgfcorepathprocessing
.code.tex
File: pgfcorepathprocessing.code.tex 2021/05/15 v3.1.9a (3.1.9a)
)
(/usr/share/texlive/texmf-dist/tex/generic/pgf/basiclayer/pgfcorearrows.code.te
x
File: pgfcorearrows.code.tex 2021/05/15 v3.1.9a (3.1.9a)
\pgfarrowsep=\dimen265
)
(/usr/share/texlive/texmf-dist/tex/generic/pgf/basiclayer/pgfcoreshade.code.tex
File: pgfcoreshade.code.tex 2021/05/15 v3.1.9a (3.1.9a)
\pgf@max=\dimen266
\pgf@sys@shading@range@num=\count313
\pgf@shadingcount=\count314
)
(/usr/share/texlive/texmf-dist/tex/generic/pgf/basiclayer/pgfcoreimage.code.tex
File: pgfcoreimage.code.tex 2021/05/15 v3.1.9a (3.1.9a)

(/usr/share/texlive/texmf-dist/tex/generic/pgf/basiclayer/pgfcoreexternal.code.
tex
File: pgfcoreexternal.code.tex 2021/05/15 v3.1.9a (3.1.9a)
\pgfexternal@startupbox=\box64
))
(/usr/share/texlive/texmf-dist/tex/generic/pgf/basiclayer/pgfcorelayers.code.te
x
File: pgfcorelayers.code.tex 2021/05/15 v3.1.9a (3.1.9a)
)
(/usr/share/texlive/texmf-dist/tex/generic/pgf/basiclayer/pgfcoretransparency.c
ode.tex
File: pgfcoretransparency.code.tex 2021/05/15 v3.1.9a (3.1.9a)
)
(/usr/share/texlive/texmf-dist/tex/generic/pgf/basiclayer/pgfcorepatterns.code.
tex
File: pgfcorepatterns.code.tex 2021/05/15 v3.1.9a (3.1.9a)
) (/usr/share/texlive/texmf-dist/tex/generic/pgf/basiclayer/pgfcorerdf.code.tex
File: pgfcorerdf.code.tex 2021/05/15 v3.1.9a (3.1.9a)
)))
(/usr/share/texlive/texmf-dist/tex/generic/pgf/modules/pgfmoduleshapes.code.tex
File: pgfmoduleshapes.code.tex 2021/05/15 v3.1.9a (3.1.9a)
\pgfnodeparttextbox=\box65
) (/usr/share/texlive/texmf-dist/tex/generic/pgf/modules/pgfmoduleplot.code.tex
File: pgfmoduleplot.code.tex 2021/05/15 v3.1.9a (3.1.9a)
)
(/usr/share/texlive/texmf-dist/tex/latex/pgf/compatibility/pgfcomp-version-0-65
.sty
Package: pgfcomp-version-0-65 2021/05/15 v3.1.9a (3.1.9a)
\pgf@nodesepstart=\dimen267
\pgf@nodesepend=\dimen268
)
(/usr/share/texlive/texmf-dist/tex/latex/pgf/compatibility/pgfcomp-version-1-18
.sty
Package: pgfcomp-version-1-18 2021/05/15 v3.1.9a (3.1.9a)
)) (/usr/share/texlive/texmf-dist/tex/latex/pgf/utilities/pgffor.sty (/usr/shar
e/texlive/texmf-dist/tex/latex/pgf/utilities/pgfkeys.sty (/usr/share/texlive/te
xmf-dist/tex/generic/pgf/utilities/pgfkeys.code.tex)) (/usr/share/texlive/texmf
-dist/tex/latex/pgf/math/pgfmath.sty (/usr/share/texlive/texmf-dist/tex/generic
/pgf/math/pgfmath.code.tex)) (/usr/share/texlive/texmf-dist/tex/generic/pgf/uti
lities/pgffor.code.tex
Package: pgffor 2021/05/15 v3.1.9a (3.1.9a)
(/usr/share/texlive/texmf-dist/tex/generic/pgf/math/pgfmath.code.tex)
\pgffor@iter=\dimen269
\pgffor@skip=\dimen270
\pgffor@stack=\toks38
\pgffor@toks=\toks39
))
(/usr/share/texlive/texmf-dist/tex/generic/pgf/frontendlayer/tikz/tikz.code.tex
Package: tikz 2021/05/15 v3.1.9a (3.1.9a)

(/usr/share/texlive/texmf-dist/tex/generic/pgf/libraries/pgflibraryplothandlers
.code.tex
File: pgflibraryplothandlers.code.tex 2021/05/15 v3.1.9a (3.1.9a)
\pgf@plot@mark@count=\count315
\pgfplotmarksize=\dimen271
)
\tikz@lastx=\dimen272
\tikz@lasty=\dimen273
\tikz@lastxsaved=\dimen274
\tikz@lastysaved=\dimen275
\tikz@lastmovetox=\dimen276
\tikz@lastmovetoy=\dimen277
\tikzleveldistance=\dimen278
\tikzsiblingdistance=\dimen279
\tikz@figbox=\box66
\tikz@figbox@bg=\box67
\tikz@tempbox=\box68
\tikz@tempbox@bg=\box69
\tikztreelevel=\count316
\tikznumberofchildren=\count317
\tikznumberofcurrentchild=\count318
\tikz@fig@count=\count319

(/usr/share/texlive/texmf-dist/tex/generic/pgf/modules/pgfmodulematrix.code.tex
File: pgfmodulematrix.code.tex 2021/05/15 v3.1.9a (3.1.9a)
\pgfmatrixcurrentrow=\count320
\pgfmatrixcurrentcolumn=\count321
\pgf@matrix@numberofcolumns=\count322
)
\tikz@expandcount=\count323

(/usr/share/texlive/texmf-dist/tex/generic/pgf/frontendlayer/tikz/libraries/tik
zlibrarytopaths.code.tex
File: tikzlibrarytopaths.code.tex 2021/05/15 v3.1.9a (3.1.9a)
))) (/usr/share/texlive/texmf-dist/tex/latex/adjustbox/adjustbox.sty
Package: adjustbox 2020/08/19 v1.3 Adjusting TeX boxes (trim, clip, ...)
(/usr/share/texlive/texmf-dist/tex/latex/xkeyval/xkeyval.sty
Package: xkeyval 2020/11/20 v2.8 package option processing (HA)
(/usr/share/texlive/texmf-dist/tex/generic/xkeyval/xkeyval.tex (/usr/share/texl
ive/texmf-dist/tex/generic/xkeyval/xkvutils.tex
\XKV@toks=\toks40
\XKV@tempa@toks=\toks41
)
\XKV@depth=\count324
File: xkeyval.tex 2014/12/03 v2.7a key=value parser (HA)
)) (/usr/share/texlive/texmf-dist/tex/latex/adjustbox/adjcalc.sty
Package: adjcalc 2012/05/16 v1.1 Provides advanced setlength with multiple back
-ends (calc, etex, pgfmath)
) (/usr/share/texlive/texmf-dist/tex/latex/adjustbox/trimclip.sty
Package: trimclip 2020/08/19 v1.2 Trim and clip general TeX material
(/usr/share/texlive/texmf-dist/tex/latex/collectbox/collectbox.sty
Package: collectbox 2012/05/17 v0.4b Collect macro arguments as boxes
\collectedbox=\box70
)
\tc@llx=\dimen280
\tc@lly=\dimen281
\tc@urx=\dimen282
\tc@ury=\dimen283
Package trimclip Info: Using driver 'tc-dvips.def'.
(/usr/share/texlive/texmf-dist/tex/latex/adjustbox/tc-dvips.def
File: tc-dvips.def 2019/01/04 v2.2 Clipping driver for dvips
))
\adjbox@Width=\dimen284
\adjbox@Height=\dimen285
\adjbox@Depth=\dimen286
\adjbox@Totalheight=\dimen287
\adjbox@pwidth=\dimen288
\adjbox@pheight=\dimen289
\adjbox@pdepth=\dimen290
\adjbox@ptotalheight=\dimen291
(/usr/share/texlive/texmf-dist/tex/latex/ifoddpage/ifoddpage.sty
Package: ifoddpage 2016/04/23 v1.1 Conditionals for odd/even page detection
\c@checkoddpage=\count325
) (/usr/share/texlive/texmf-dist/tex/latex/varwidth/varwidth.sty
Package: varwidth 2009/03/30 ver 0.92;  Variable-width minipages
\@vwid@box=\box71
\sift@deathcycles=\count326
\@vwid@loff=\dimen292
\@vwid@roff=\dimen293
)) (/usr/share/texlive/texmf-dist/tex/generic/tex4ht/caption-hooks.4ht
version 2021-05-16-09:21
) (/usr/share/texlive/texmf-dist/tex/latex/setspace/setspace.sty
Package: setspace 2011/12/19 v6.7a set line spacing
) (/usr/share/texlive/texmf-dist/tex/generic/tex4ht/tex4ht.4ht
version 2021-06-20-15:33
--------------------------------------
--- Note --- for additional information, use the command line option `info'
--------------------------------------
::::::::::::::::::::::::::::::::::::::::::
 TeX4ht info is available in the log file 
::::::::::::::::::::::::::::::::::::::::::
) (/usr/share/texlive/texmf-dist/tex/generic/tex4ht/tex4ht.sty
version 2021-09-14-14:11
l.855 --- TeX4ht warning --- nonprimitive \everypar ---
--- needs --- tex4ht main ---
\tmp:cnt=\count327
\openout15 = `main.tmp'.

(./main.tmp)
\tmp:dim=\skip52
(./main.xref)
\:refout=\write4
\openout4 = `main.xref'.

(/usr/share/texlive/texmf-dist/tex/generic/tex4ht/html4.4ht
version 2022-02-03-14:35
--------------------------------------
--- Note --- to remove the <?xml version=...?> processing instruction use the c
ommand line option `no-VERSION'
--------------------------------------
--------------------------------------
--- Note --- to remove the DOCTYPE declaration use the command line option `no-
DOCTYPE'
--------------------------------------
) (/usr/share/texlive/texmf-dist/tex/generic/tex4ht/unicode.4ht
version 2021-06-19-14:11
) (/usr/share/texlive/texmf-dist/tex/generic/tex4ht/html4-math.4ht
version 2021-04-16-13:27
) (/usr/share/texlive/texmf-dist/tex/generic/tex4ht/html5.4ht
version 2022-01-23-07:51
)
--------------------------------------
--- Note --- for marking of the base font, use the command line option `fonts+'

--------------------------------------
--------------------------------------
--- Note --- for non active _, use the command line option `no_'
--------------------------------------
--------------------------------------
--- Note --- for _ of catcode 13, use the command line option `_13'
--------------------------------------
--------------------------------------
--- Note --- for non active ^, use the command line option `no^'
--------------------------------------
--------------------------------------
--- Note --- for ^ of catcode 13, use the command line option `^13'
--------------------------------------
(/usr/share/texlive/texmf-dist/tex/generic/tex4ht/html4.4ht
version 2022-02-03-14:35
--------------------------------------
--- Note --- to ignore CSS font decoration, use the `NoFonts' command line opti
on
--------------------------------------
--------------------------------------
--- Note --- for jpg bitmaps of pictures, use the `jpg' command line option. (C
haracter bitmaps are controled only by `g' records of tex4ht.env and `-g' switc
hes of tex4ht.c) 
--------------------------------------
--------------------------------------
--- Note --- for gif bitmaps of pictures, use the `gif' command line option. (C
haracter bitmaps are controled only by `g' records of tex4ht.env and `-g' switc
hes of tex4ht.c) 
--------------------------------------
--------------------------------------
--- Note --- for content and toc in 2 frames, use the command line option `fram
es'
--------------------------------------
--------------------------------------
--- Note --- for content, toc, and footnotes in 3 frames, use the command line 
option `frames-fn'
--------------------------------------
--------------------------------------
--- Note --- for file extension name xht, use the command line option `xht'
--------------------------------------
TeX4ht package options: xhtml,charset=utf-8,html5,html
--------------------------------------
--- Note --- To print a timestamp, use the command line option timestamp
--------------------------------------
--------------------------------------
--- Note --- to ignore CSS code, use the command line option `-css
--------------------------------------
--------------------------------------
--- Note --- for inline CSS code, use the command line option `css-in'
--------------------------------------
--------------------------------------
--- Note --- for pop ups on mouse over, use the command line option `mouseover'

--------------------------------------
--------------------------------------
--- Note --- for addressing images in a subdirectory, use the command line opti
on `imgdir:.../'
--------------------------------------
) (/usr/share/texlive/texmf-dist/tex/generic/tex4ht/unicode.4ht
version 2021-06-19-14:11
) (/usr/share/texlive/texmf-dist/tex/generic/tex4ht/html4-math.4ht
version 2021-04-16-13:27
) (/usr/share/texlive/texmf-dist/tex/generic/tex4ht/html5.4ht
version 2022-01-23-07:51
--------------------------------------
--- Note --- To print a timestamp, use the command line option timestamp
--------------------------------------
)
\:tokwrite=\toks42
\:tokpage=\toks43
--------------------------------------
--- Note --- for back links to toc, use the command line option `sections+'
--------------------------------------
--------------------------------------
--- Note --- for linear crosslinks of pages, use the command line option `next'

--------------------------------------
\openout15 = `main.4ct'.

\:tocout=\write5
\openout5 = `main.4tc'.

(/usr/share/texlive/texmf-dist/tex/generic/tex4ht/html4.4ht
version 2022-02-03-14:35
) (/usr/share/texlive/texmf-dist/tex/generic/tex4ht/unicode.4ht
version 2021-06-19-14:11
) (/usr/share/texlive/texmf-dist/tex/generic/tex4ht/html4-math.4ht
version 2021-04-16-13:27
) (/usr/share/texlive/texmf-dist/tex/generic/tex4ht/html5.4ht
version 2022-01-23-07:51
) (/usr/share/texlive/texmf-dist/tex/generic/tex4ht/latex.4ht
version 2022-02-01-14:27
LaTeX Info: Redefining \_ on input line 173.
LaTeX Info: Redefining \, on input line 792.
LaTeX Info: Redefining \; on input line 793.
LaTeX Info: Redefining \! on input line 794.
LaTeX Info: Redefining \: on input line 795.
LaTeX Info: Redefining \> on input line 796.
--------------------------------------
--- Note --- for links into captions, instead of float heads, use the command l
ine option `refcaption'
--------------------------------------
(/usr/share/texlive/texmf-dist/tex/generic/tex4ht/html4.4ht
version 2022-02-03-14:35
) (/usr/share/texlive/texmf-dist/tex/generic/tex4ht/unicode.4ht
version 2021-06-19-14:11
) (/usr/share/texlive/texmf-dist/tex/generic/tex4ht/html4-math.4ht
version 2021-04-16-13:27
) (/usr/share/texlive/texmf-dist/tex/generic/tex4ht/html5.4ht
version 2022-01-23-07:51
) (/usr/share/texlive/texmf-dist/tex/generic/tex4ht/html4.4ht
version 2022-02-03-14:35
--------------------------------------
--- Note --- For mini tocs immediately aftter the header use the command line o
ption `minitoc<'
--------------------------------------
--------------------------------------
--- Note --- for enumerated list elements with valued data, use the command lin
e option `enumerate+'
--------------------------------------
--------------------------------------
--- Note --- for enumerated list elements li's with value attributes, use the c
ommand line option `enumerate-'
--------------------------------------
--------------------------------------
--- Note --- for CSS2 code, use the command line option `css2'
--------------------------------------
--------------------------------------
--- Note --- for pictorial tabular, use the command line option `pic-tabular'
--------------------------------------
--------------------------------------
--- Note --- for bitmap fbox'es, use the command line option `pic-fbox'
--------------------------------------
--------------------------------------
--- Note --- for bitmap framebox'es, use the command line option `pic-framebox'

--------------------------------------
--------------------------------------
--- Note --- for inline footnotes use command line option `fn-in'
--------------------------------------
--------------------------------------
--- Note --- for tracing of latex font commands, use the command line option `f
onts'
--------------------------------------
--------------------------------------
--- Note --- for width specifications of tabular p entries, use the `p-width' c
ommand line option or a configuration similar to \Configure{HColWidth}{\HCode{ 
style="width:\HColWidth"}}
--------------------------------------
) (/usr/share/texlive/texmf-dist/tex/generic/tex4ht/unicode.4ht
version 2021-06-19-14:11
) (/usr/share/texlive/texmf-dist/tex/generic/tex4ht/html4-math.4ht
version 2021-04-16-13:27
--------------------------------------
--- Note --- for pictorial eqnarray, use the command line option `pic-eqnarray'

--------------------------------------
--------------------------------------
--- Note --- for pictorial array, use the command line option `pic-array'
--------------------------------------
--------------------------------------
--- Note --- for pictorial $...$ environments, use the command line option `pic
-m' (not recommended!!)
--------------------------------------
--------------------------------------
--- Note --- for pictorial $...$ and $$...$$ environments with latex alt, use t
he command line option `pic-m+' (not safe!!)
--------------------------------------
--------------------------------------
--- Note --- for pictorial array, use the command line option `pic-array'
--------------------------------------
) (/usr/share/texlive/texmf-dist/tex/generic/tex4ht/html5.4ht
version 2022-01-23-07:51
)) (/usr/share/texlive/texmf-dist/tex/generic/tex4ht/fontmath.4ht
version 2018-11-06-15:55
(/usr/share/texlive/texmf-dist/tex/generic/tex4ht/html4.4ht
version 2022-02-03-14:35
) (/usr/share/texlive/texmf-dist/tex/generic/tex4ht/unicode.4ht
version 2021-06-19-14:11
) (/usr/share/texlive/texmf-dist/tex/generic/tex4ht/html4-math.4ht
version 2021-04-16-13:27
) (/usr/share/texlive/texmf-dist/tex/generic/tex4ht/html5.4ht
version 2022-01-23-07:51
)) (/usr/share/texlive/texmf-dist/tex/generic/tex4ht/article.4ht
version 2021-05-16-09:21
(/usr/share/texlive/texmf-dist/tex/generic/tex4ht/html4.4ht
version 2022-02-03-14:35
--------------------------------------
--- Note --- for automatic sectioning pagination, use the command line option `
1', `2', `3', '4', '5', '6', or '7'
--------------------------------------
--------------------------------------
--- Note --- for files named derived from section titles, use the command line 
option `sec-filename'
--------------------------------------
--------------------------------------
--- Note --- for i-columns index, use the command line option `index=i' (e.g., 
index=2)
--------------------------------------
) (/usr/share/texlive/texmf-dist/tex/generic/tex4ht/unicode.4ht
version 2021-06-19-14:11
) (/usr/share/texlive/texmf-dist/tex/generic/tex4ht/html4-math.4ht
version 2021-04-16-13:27
) (/usr/share/texlive/texmf-dist/tex/generic/tex4ht/html5.4ht
version 2022-01-23-07:51
)) (/usr/share/texlive/texmf-dist/tex/generic/tex4ht/babel.4ht
version 2021-05-16-09:21
(/usr/share/texlive/texmf-dist/tex/generic/tex4ht/html4.4ht
version 2022-02-03-14:35
) (/usr/share/texlive/texmf-dist/tex/generic/tex4ht/unicode.4ht
version 2021-06-19-14:11
) (/usr/share/texlive/texmf-dist/tex/generic/tex4ht/html4-math.4ht
version 2021-04-16-13:27
) (/usr/share/texlive/texmf-dist/tex/generic/tex4ht/html5.4ht
version 2022-01-23-07:51
)) (/usr/share/texlive/texmf-dist/tex/generic/tex4ht/magyar.4ht
version 2018-11-18-14:48
(/usr/share/texlive/texmf-dist/tex/generic/tex4ht/html4.4ht
version 2022-02-03-14:35
) (/usr/share/texlive/texmf-dist/tex/generic/tex4ht/unicode.4ht
version 2021-06-19-14:11
) (/usr/share/texlive/texmf-dist/tex/generic/tex4ht/html4-math.4ht
version 2021-04-16-13:27
) (/usr/share/texlive/texmf-dist/tex/generic/tex4ht/html5.4ht
version 2022-01-23-07:51
)) (/usr/share/texlive/texmf-dist/tex/generic/tex4ht/geometry.4ht
version 2016-07-01-08:55
(/usr/share/texlive/texmf-dist/tex/generic/tex4ht/html4.4ht
version 2022-02-03-14:35
) (/usr/share/texlive/texmf-dist/tex/generic/tex4ht/unicode.4ht
version 2021-06-19-14:11
) (/usr/share/texlive/texmf-dist/tex/generic/tex4ht/html4-math.4ht
version 2021-04-16-13:27
) (/usr/share/texlive/texmf-dist/tex/generic/tex4ht/html5.4ht
version 2022-01-23-07:51
)) (/usr/share/texlive/texmf-dist/tex/generic/tex4ht/amsmath.4ht
version 2019-12-29-14:17
\tmp:muskip=\muskip18
(/usr/share/texlive/texmf-dist/tex/generic/tex4ht/html4.4ht
version 2022-02-03-14:35
) (/usr/share/texlive/texmf-dist/tex/generic/tex4ht/unicode.4ht
version 2021-06-19-14:11
) (/usr/share/texlive/texmf-dist/tex/generic/tex4ht/html4-math.4ht
version 2021-04-16-13:27
LaTeX Info: Redefining \[ on input line 504.
LaTeX Info: Redefining \] on input line 504.
) (/usr/share/texlive/texmf-dist/tex/generic/tex4ht/html5.4ht
version 2022-01-23-07:51
)) (/usr/share/texlive/texmf-dist/tex/generic/tex4ht/amstext.4ht
version 2009-05-21-09:32
(/usr/share/texlive/texmf-dist/tex/generic/tex4ht/html4.4ht
version 2022-02-03-14:35
) (/usr/share/texlive/texmf-dist/tex/generic/tex4ht/unicode.4ht
version 2021-06-19-14:11
) (/usr/share/texlive/texmf-dist/tex/generic/tex4ht/html4-math.4ht
version 2021-04-16-13:27
) (/usr/share/texlive/texmf-dist/tex/generic/tex4ht/html5.4ht
version 2022-01-23-07:51
)) (/usr/share/texlive/texmf-dist/tex/generic/tex4ht/amsbsy.4ht
version 2009-05-21-09:32
(/usr/share/texlive/texmf-dist/tex/generic/tex4ht/html4.4ht
version 2022-02-03-14:35
) (/usr/share/texlive/texmf-dist/tex/generic/tex4ht/unicode.4ht
version 2021-06-19-14:11
) (/usr/share/texlive/texmf-dist/tex/generic/tex4ht/html4-math.4ht
version 2021-04-16-13:27
) (/usr/share/texlive/texmf-dist/tex/generic/tex4ht/html5.4ht
version 2022-01-23-07:51
)) (/usr/share/texlive/texmf-dist/tex/generic/tex4ht/amsopn.4ht
version 2009-05-21-09:32
(/usr/share/texlive/texmf-dist/tex/generic/tex4ht/html4.4ht
version 2022-02-03-14:35
) (/usr/share/texlive/texmf-dist/tex/generic/tex4ht/unicode.4ht
version 2021-06-19-14:11
) (/usr/share/texlive/texmf-dist/tex/generic/tex4ht/html4-math.4ht
version 2021-04-16-13:27
) (/usr/share/texlive/texmf-dist/tex/generic/tex4ht/html5.4ht
version 2022-01-23-07:51
)) (/usr/share/texlive/texmf-dist/tex/generic/tex4ht/graphicx.4ht
version 2022-01-12-13:53
(/usr/share/texlive/texmf-dist/tex/generic/tex4ht/html4.4ht
version 2022-02-03-14:35
) (/usr/share/texlive/texmf-dist/tex/generic/tex4ht/unicode.4ht
version 2021-06-19-14:11
) (/usr/share/texlive/texmf-dist/tex/generic/tex4ht/html4-math.4ht
version 2021-04-16-13:27
) (/usr/share/texlive/texmf-dist/tex/generic/tex4ht/html5.4ht
version 2022-01-23-07:51
)) (/usr/share/texlive/texmf-dist/tex/generic/tex4ht/graphics.4ht
version 2021-08-12-13:49
(/usr/share/texlive/texmf-dist/tex/generic/tex4ht/html4.4ht
version 2022-02-03-14:35
--------------------------------------
--- Note --- if included graphics are of degraded quality, try the command line
 options `graphics-num' or `graphics-'. The `num' should provide the density of
 pixels in the bitmaps (e.g., 110). 
--------------------------------------
--------------------------------------
--- Note --- for key dimensions try the option `Gin-dim'; for key dimensions wh
en bounding box is unavailable try `Gin-dim+'; neither is recommended
--------------------------------------
) (/usr/share/texlive/texmf-dist/tex/generic/tex4ht/unicode.4ht
version 2021-06-19-14:11
) (/usr/share/texlive/texmf-dist/tex/generic/tex4ht/html4-math.4ht
version 2021-04-16-13:27
) (/usr/share/texlive/texmf-dist/tex/generic/tex4ht/html5.4ht
version 2022-01-23-07:51
)) (/usr/share/texlive/texmf-dist/tex/generic/tex4ht/dvips.4ht
version 2009-05-21-09:32
(/usr/share/texlive/texmf-dist/tex/generic/tex4ht/html4.4ht
version 2022-02-03-14:35
) (/usr/share/texlive/texmf-dist/tex/generic/tex4ht/unicode.4ht
version 2021-06-19-14:11
) (/usr/share/texlive/texmf-dist/tex/generic/tex4ht/html4-math.4ht
version 2021-04-16-13:27
) (/usr/share/texlive/texmf-dist/tex/generic/tex4ht/html5.4ht
version 2022-01-23-07:51
)) (/usr/share/texlive/texmf-dist/tex/generic/tex4ht/hyperref.4ht
version 2021-05-16-13:57
LaTeX Info: Redefining \autoref on input line 88.
\Hy@SectionHShift=\skip53
(/usr/share/texlive/texmf-dist/tex/generic/tex4ht/html4.4ht
version 2022-02-03-14:35
) (/usr/share/texlive/texmf-dist/tex/generic/tex4ht/unicode.4ht
version 2021-06-19-14:11
) (/usr/share/texlive/texmf-dist/tex/generic/tex4ht/html4-math.4ht
version 2021-04-16-13:27
) (/usr/share/texlive/texmf-dist/tex/generic/tex4ht/html5.4ht
version 2022-01-23-07:51
)) (/usr/share/texlive/texmf-dist/tex/generic/tex4ht/pd1enc.4ht
version 2009-05-21-09:32
(/usr/share/texlive/texmf-dist/tex/generic/tex4ht/html4.4ht
version 2022-02-03-14:35
) (/usr/share/texlive/texmf-dist/tex/generic/tex4ht/unicode.4ht
version 2021-06-19-14:11
) (/usr/share/texlive/texmf-dist/tex/generic/tex4ht/html4-math.4ht
version 2021-04-16-13:27
) (/usr/share/texlive/texmf-dist/tex/generic/tex4ht/html5.4ht
version 2022-01-23-07:51
)) (/usr/share/texlive/texmf-dist/tex/generic/tex4ht/url.4ht
version 2022-01-02-14:32
(/usr/share/texlive/texmf-dist/tex/generic/tex4ht/html4.4ht
version 2022-02-03-14:35
--------------------------------------
--- Note --- for URL encoding within href use the command line option `url-enc'

--------------------------------------
) (/usr/share/texlive/texmf-dist/tex/generic/tex4ht/unicode.4ht
version 2021-06-19-14:11
) (/usr/share/texlive/texmf-dist/tex/generic/tex4ht/html4-math.4ht
version 2021-04-16-13:27
) (/usr/share/texlive/texmf-dist/tex/generic/tex4ht/html5.4ht
version 2022-01-23-07:51
)) (/usr/share/texlive/texmf-dist/tex/generic/tex4ht/ifthen.4ht
version 2022-01-02-14:32
(/usr/share/texlive/texmf-dist/tex/generic/tex4ht/html4.4ht
version 2022-02-03-14:35
) (/usr/share/texlive/texmf-dist/tex/generic/tex4ht/unicode.4ht
version 2021-06-19-14:11
) (/usr/share/texlive/texmf-dist/tex/generic/tex4ht/html4-math.4ht
version 2021-04-16-13:27
) (/usr/share/texlive/texmf-dist/tex/generic/tex4ht/html5.4ht
version 2022-01-23-07:51
)) (/usr/share/texlive/texmf-dist/tex/generic/tex4ht/nameref.4ht
version 2021-02-03-14:57
(/usr/share/texlive/texmf-dist/tex/generic/tex4ht/html4.4ht
version 2022-02-03-14:35
) (/usr/share/texlive/texmf-dist/tex/generic/tex4ht/unicode.4ht
version 2021-06-19-14:11
) (/usr/share/texlive/texmf-dist/tex/generic/tex4ht/html4-math.4ht
version 2021-04-16-13:27
) (/usr/share/texlive/texmf-dist/tex/generic/tex4ht/html5.4ht
version 2022-01-23-07:51
)) (/usr/share/texlive/texmf-dist/tex/generic/tex4ht/float.4ht
version 2009-05-21-09:32
(/usr/share/texlive/texmf-dist/tex/generic/tex4ht/html4.4ht
version 2022-02-03-14:35
) (/usr/share/texlive/texmf-dist/tex/generic/tex4ht/unicode.4ht
version 2021-06-19-14:11
) (/usr/share/texlive/texmf-dist/tex/generic/tex4ht/html4-math.4ht
version 2021-04-16-13:27
) (/usr/share/texlive/texmf-dist/tex/generic/tex4ht/html5.4ht
version 2022-01-23-07:51
)) (/usr/share/texlive/texmf-dist/tex/generic/tex4ht/listings.4ht
version 2021-04-25-09:48
(/usr/share/texlive/texmf-dist/tex/generic/tex4ht/html4.4ht
version 2022-02-03-14:35
--------------------------------------
--- Note --- to ensure proper alignments use fixed size fonts (see listings.dtx
)
--------------------------------------
) (/usr/share/texlive/texmf-dist/tex/generic/tex4ht/unicode.4ht
version 2021-06-19-14:11
) (/usr/share/texlive/texmf-dist/tex/generic/tex4ht/html4-math.4ht
version 2021-04-16-13:27
) (/usr/share/texlive/texmf-dist/tex/generic/tex4ht/html5.4ht
version 2022-01-23-07:51
)) (/usr/share/texlive/texmf-dist/tex/generic/tex4ht/xcolor.4ht
version 2019-04-09-10:06
(/usr/share/texlive/texmf-dist/tex/generic/tex4ht/color.4ht
version 2022-02-01-14:27
(/usr/share/texlive/texmf-dist/tex/generic/tex4ht/html4.4ht
version 2022-02-03-14:35
) (/usr/share/texlive/texmf-dist/tex/generic/tex4ht/unicode.4ht
version 2021-06-19-14:11
) (/usr/share/texlive/texmf-dist/tex/generic/tex4ht/html4-math.4ht
version 2021-04-16-13:27
) (/usr/share/texlive/texmf-dist/tex/generic/tex4ht/html5.4ht
version 2022-01-23-07:51
)) (/usr/share/texlive/texmf-dist/tex/generic/tex4ht/html4.4ht
version 2022-02-03-14:35
) (/usr/share/texlive/texmf-dist/tex/generic/tex4ht/unicode.4ht
version 2021-06-19-14:11
) (/usr/share/texlive/texmf-dist/tex/generic/tex4ht/html4-math.4ht
version 2021-04-16-13:27
) (/usr/share/texlive/texmf-dist/tex/generic/tex4ht/html5.4ht
version 2022-01-23-07:51
)) (/usr/share/texlive/texmf-dist/tex/generic/tex4ht/color.4ht
version 2022-02-01-14:27
) (/usr/share/texlive/texmf-dist/tex/generic/tex4ht/subcaption.4ht
version 2021-07-04-09:13
(/usr/share/texlive/texmf-dist/tex/generic/tex4ht/html4.4ht
version 2022-02-03-14:35
) (/usr/share/texlive/texmf-dist/tex/generic/tex4ht/unicode.4ht
version 2021-06-19-14:11
) (/usr/share/texlive/texmf-dist/tex/generic/tex4ht/html4-math.4ht
version 2021-04-16-13:27
) (/usr/share/texlive/texmf-dist/tex/generic/tex4ht/html5.4ht
version 2022-01-23-07:51
)) (/usr/share/texlive/texmf-dist/tex/generic/tex4ht/caption.4ht
version 2021-10-19-14:11
(/usr/share/texlive/texmf-dist/tex/generic/tex4ht/html4.4ht
version 2022-02-03-14:35
) (/usr/share/texlive/texmf-dist/tex/generic/tex4ht/unicode.4ht
version 2021-06-19-14:11
) (/usr/share/texlive/texmf-dist/tex/generic/tex4ht/html4-math.4ht
version 2021-04-16-13:27
) (/usr/share/texlive/texmf-dist/tex/generic/tex4ht/html5.4ht
version 2022-01-23-07:51
)) (/usr/share/texlive/texmf-dist/tex/generic/tex4ht/pgf.4ht
version 2009-05-21-09:32
(/usr/share/texlive/texmf-dist/tex/generic/tex4ht/html4.4ht
version 2022-02-03-14:35
) (/usr/share/texlive/texmf-dist/tex/generic/tex4ht/unicode.4ht
version 2021-06-19-14:11
) (/usr/share/texlive/texmf-dist/tex/generic/tex4ht/html4-math.4ht
version 2021-04-16-13:27
) (/usr/share/texlive/texmf-dist/tex/generic/tex4ht/html5.4ht
version 2022-01-23-07:51
)) (/usr/share/texlive/texmf-dist/tex/generic/tex4ht/adjustbox.4ht
version 2022-01-09-07:36
\c@adjustbox@4ht=\count328
(/usr/share/texlive/texmf-dist/tex/generic/tex4ht/html4.4ht
version 2022-02-03-14:35
) (/usr/share/texlive/texmf-dist/tex/generic/tex4ht/unicode.4ht
version 2021-06-19-14:11
) (/usr/share/texlive/texmf-dist/tex/generic/tex4ht/html4-math.4ht
version 2021-04-16-13:27
) (/usr/share/texlive/texmf-dist/tex/generic/tex4ht/html5.4ht
version 2022-01-23-07:51
)) (/usr/share/texlive/texmf-dist/tex/generic/tex4ht/html4.4ht
version 2022-02-03-14:35
) (/usr/share/texlive/texmf-dist/tex/generic/tex4ht/unicode.4ht
version 2021-06-19-14:11
) (/usr/share/texlive/texmf-dist/tex/generic/tex4ht/html4-math.4ht
version 2021-04-16-13:27
) (/usr/share/texlive/texmf-dist/tex/generic/tex4ht/html5.4ht
version 2022-01-23-07:51
)) (./main.aux)
\openout1 = `main.aux'.

LaTeX Font Info:    Checking defaults for OML/cmm/m/it on input line 61.
LaTeX Font Info:    ... okay on input line 61.
LaTeX Font Info:    Checking defaults for OMS/cmsy/m/n on input line 61.
LaTeX Font Info:    ... okay on input line 61.
LaTeX Font Info:    Checking defaults for OT1/cmr/m/n on input line 61.
LaTeX Font Info:    ... okay on input line 61.
LaTeX Font Info:    Checking defaults for T1/cmr/m/n on input line 61.
LaTeX Font Info:    ... okay on input line 61.
LaTeX Font Info:    Checking defaults for TS1/cmr/m/n on input line 61.
LaTeX Font Info:    ... okay on input line 61.
LaTeX Font Info:    Checking defaults for OMX/cmex/m/n on input line 61.
LaTeX Font Info:    ... okay on input line 61.
LaTeX Font Info:    Checking defaults for U/cmr/m/n on input line 61.
LaTeX Font Info:    ... okay on input line 61.
LaTeX Font Info:    Checking defaults for PD1/pdf/m/n on input line 61.
LaTeX Font Info:    ... okay on input line 61.
LaTeX Font Info:    Checking defaults for PU/pdf/m/n on input line 61.
LaTeX Font Info:    ... okay on input line 61.
*geometry* driver: auto-detecting
*geometry* detected driver: dvips
*geometry* verbose mode - [ preamble ] result:
* driver: dvips
* paper: letterpaper
* layout: <same size as paper>
* layoutoffset:(h,v)=(0.0pt,0.0pt)
* modes: 
* h-part:(L,W,R)=(85.35826pt, 443.57848pt, 85.35826pt)
* v-part:(T,H,B)=(56.9055pt, 681.15898pt, 56.9055pt)
* \paperwidth=614.295pt
* \paperheight=794.96999pt
* \textwidth=443.57848pt
* \textheight=681.15898pt
* \oddsidemargin=0.0pt
* \evensidemargin=0.0pt
* \topmargin=-52.36449pt
* \headheight=12.0pt
* \headsep=25.0pt
* \topskip=11.0pt
* \footskip=30.0pt
* \marginparwidth=49.79231pt
* \marginparsep=10.0pt
* \columnsep=10.0pt
* \skip\footins=10.0pt plus 4.0pt minus 2.0pt
* \hoffset=0.0pt
* \voffset=0.0pt
* \mag=1000
* \@twocolumnfalse
* \@twosidefalse
* \@mparswitchfalse
* \@reversemarginfalse
* (1in=72.27pt=25.4mm, 1cm=28.453pt)

Package hyperref Info: Link coloring ON on input line 61.
LaTeX Info: Redefining \ref on input line 61.
LaTeX Info: Redefining \pageref on input line 61.
LaTeX Info: Redefining \nameref on input line 61.
\c@lstlisting=\count329
Package caption Info: Begin \AtBeginDocument code.
Package caption Info: End \AtBeginDocument code.
(/usr/share/texlive/texmf-dist/tex/latex/base/article.cls
LaTeX Info: Redefining \cal on input line 497.
LaTeX Info: Redefining \mit on input line 498.
)
--- file main.css ---
[1


] [2]
LaTeX Font Info:    Trying to load font information for T1+cmtt on input line 6
5.
(/usr/share/texlive/texmf-dist/tex/latex/base/t1cmtt.fd
File: t1cmtt.fd 2019/12/16 v2.5j Standard LaTeX font definitions
) [3] [4] [5] [6] [7] [8

]
l.155 --- TeX4ht warning --- File `"assets/dependency.xbb"' not found ---
l.155 --- TeX4ht warning --- Cannot determine size of graphic in "assets/depend
ency.xbb" (no BoundingBox) ---
l. 155 --- needs --- assets/dependency.png ---
[9

] [10

] (/usr/share/texlive/texmf-dist/tex/latex/listings/lstlang1.sty
File: lstlang1.sty 2020/03/24 1.8d listings language file
) (/usr/share/texlive/texmf-dist/tex/latex/listings/lstlang1.sty
File: lstlang1.sty 2020/03/24 1.8d listings language file
) [11]
Overfull \hbox (7185.50685pt too wide) in paragraph at lines 228--243
[][][][][][][][][][][][][][][][][][][][][][][][][][][][][]\T1/cmtt/m/n/9 x[][][
][][][][][][][][][][][][][][][][][][][][][][][][][][][][][][][][][][][][][][][]
x[][][][][][][][][][][][][][][][][][][][][][][][][][][][][][][][][][][][][][][]
[][][][][][][][][][][][][][][][][][][][][][][][][][][][][][][][][][][][][][][][
][][]x[][][][][][][][][][][][][][][][][][][][][][][][][][][][][][][][][][][][][
][][][][][][][][][][][][][][][][][][][][][][][][][][][][][][][][][][][][][][][]
[][][][][]x[][][][][][][][][][][][][][][][][][][][][][][][][][][][][][][][][][]
[][][][][][][][][][][][][][][][][][][][][][][][][][][][][][][][][][][][][][][][
][][][][][][][]x[][][][][][][][][][][][][][][][][][][][][][][][][][][][][][][][
][][][][][][][][][][][][][][][][][][][][][][][][][][][][][][][][][][][][][][][]
[][][][][][][][][][]x[][][][][][][][][][][][][][][][][][][][][][][][][][][][][]
[][][][][][][][][][][][][][][][][][][][][][][][][][][][][][][][][][][][][][][][
][][][][][][][][][][][][]x[][][][][][][][][][][][][][][][][][][][][][][][][][][
][][][][][][][][][][][][][][][][][][][][][]x[][][][][][][][][][][][][][][][][][
][][][][][][][][][][][][][][][][][][][][][][][][][][][][][][][][][][]x[][][][][
][][][][][][][][][][][][][][][][][][][][][][][][][][][][][][][][][][][][][][][]
[][][][][][][]x[][][][][][][][][][][][][][][][][][][][][][][][][][][][][][][][]
[]x[][][][][][][][][][][][]x[][][][][][][][][][][][][][][][][][][][][][][][][][
][][][][][][][][][][][][][][][][][][][][][][][][][][][][][][][][][][][][][][][]
[][][][][][][][][][][][][][][][][][][][][][][][][][][][][][][][][][][][][][][][
][][][][][][][][][][][][][][][][][][][][][][][][][][][][][][][][][][][][][][][]
[][][][][][][][][][][][][][][][][][][][][][][][][][][][][][][][][][][][][][][][
][][][][][][][][][][][][][][][][][][][][][][][][][][][][][][][][][][][][][][][]
[][][][][][][][][][][][][][][][][][][][][][][][][][][][][][][][][][][][][][][][
][][][][][][][][][][][][][][][][][][][][][][][][][][][][][][][][][][][][][][][]
[][][][][][][][][][][][][][][][][][][][][][][][][][][][][][][][][][][][][][][][
][][][][][][][][][][][][][][][][][][][][][][][][][][][][][][][][][][][][][][][]
[][][][][][][][][][][][][][][][][][][][][][][][][][][][][][][][][][][][][][][][
][][][][][][][][][][][][][][][][][][][][][][][][][][][][][][][][][][][][][][][]
[][][][][][][][][][][][][][][][][][][][][][][][][][][][][][][][][][][][][][][][
][][][][][][][][][][][][][][][][][][][][][][][][][][][][][][][][][][][][][][][]
[][][][][][][][][][][][][][][][][][][][][][][][][][][][][][][][][][][][][][][][
][][][][][][][][][][][][][][][][][][][][][][][][][][][][][][][][][][][][][][][]
[][][][][][][][][][][][][][][][][][][][][][][][][][][][][][][][][][][][][][][][
][][][][][][][][][][][][][][][][][][][][][][][][][][][][][][][][][][][][][][][]
[][][][][][][][][][][][][][][][][][][][][][][][][][][][][][][][][][][][][][][][
][][][][][][][][][][][][][][][][][][][][][][][][][][][][][][][][][][][][][][][]
[][][][][][][][][][][][][][][][][][][][][][][][][][][][][][][][][][][][][][][][
][][][][][][][][][][][][][][][][][][][][][][][][][][][][][][][][][][][][][][][]
[][][][][][][][][][][][][][][][][][][][][][][][][][][][][][][][][][][][][][][][
][][][][][][][][][][][][][][][][][][][][][][][][][][][][][][][][][][][][][][][]
[][][][][][][][][][][][][][][][][][][][][][][][][][][][][][][][][][][][][][][][
][][][][][][][][][][][][][][][][][][][][][][][][][][][][][][][][][][][][][][][]
[][][][][][][][][][][][][][][][][][][][][][][][][][][][][][][][][][][][][][][][
][][][][][][][][][][][][][][][][][][][][][][][][][][][][][][][][][][][][][][][]
[][][][][][][][][][][][][][][][][][][][][][][][][][][][][][][][][][][][][][][][
][][][][][][][][][][][][][][][][][][][][][][][][][][][][][][][][][][][][][][][]
[][][][][][][][][][][][][][][][][][][][][][][][][][][][][][][][][][][][][][][][
][][][][][][][][][][][][][][][][][][][][][][][][][][][][][][][][][][][][][][][]
[][][][][][][][][][][][][][][][][][][][][][][][][][][][][][][][][][][][][][][][
][][][][][][][][][][][][][][][][][][][][][][][][][][][][][][][][][][][][][][][]
[][][][][][][][][][][][][][][][][][][][][][][][][][][][][][][][][][][][][][][][
][][][][][][][][][][][][][][][][][][][][][][][][][][][][][][][][][][][][][][][]
[][][][][][][][][][][][][][][][][][][][][][][][][][][][][][][][][][][][][][][][
][][][][][][][][][][][][][][][][][][][][][][][][][][][][][][][][][][][][][][][]
[][][][][][][][][][][][][][][][][][][][][][][][][][][][][][][][][][][][][][][][
][][][][][][][][][][][][][][][][][][][][][][][][][][][][][][][][][][][][][][][]
[][][][][][][][][][][][][][][][][][][][][][][][][][][][][][][][][][][][][][][][
][][][][][][][][][][][][][][][][][][][][][][][][][][][][][][][][][][][][][][][]
[][][][][][][][][][][][][][][][][][][][][][][][][][][][][][][][][][][][][][][][
][][][][][][][][][][][][][][][][][][][][][][][][][][][][][][][][][][][][][][][]
[][][][][][][][][][][][][][][][][][][][][][][][][][][][][][][][][][][][][][][][
][][][][][][][][][][][][][][][][][][][][][][][][][][][][][][][][][][][][][][][]
[][][][][][][][][][][][][][][][][][][][][][][][][][][][][][][][][][][][][][][][
][][][][][][][][][][][][][][][][][][][][][][][][][][][][][][][][][][][][][][][]
[][][][][][][][][][][][][][][][][][][][][][][][][][][][][][][][][][][][][][][][
][][][][][][][][][][][][][][][][][][][][][][][][][][][][][][][][][][][][][][][]
[][][][][][][][][][][][][][][][][][][][][][][][][][][][][][][][][][][][][][][][
][][][][][][][][][][][][][][][][][][][][][][][][][][][][][][][][][][][][][][][]
[][][][][][][][][][][][][][][][][][][][][][][][][][][][][][][][][][][][][][][][
][][][][][][][][][][][][][][][][][][][][][][][][][][][][][][][][][][][][][][][]
[][][][][][][][][][][][][][][][][][][][][][][][][][][][][][][][][][][][][][][][
][][][][][][][][][][][][][][][][][][][][][][][][][][][][][][][][][][][][][][][]
[][][][][][][][][][][][][][][][][][][][][][][][][][][][][][][][][][][][][][][][
][][][][][][][][][][][][][][][][][][][][][][][][][][][][][][][][][][][][][][][]
[][][][][][][][][][][][][][][][][][][][][][][][][][][][][][][][][][][][][][][][
][][][]x[][][][][][][][][][][][][][][][][][][][][][][][][][][][]  
 []

[12]
l.271 --- TeX4ht warning --- File `"assets/good-large_compressed.data.xbb"' not
 found ---
l.271 --- TeX4ht warning --- Cannot determine size of graphic in "assets/good-l
arge_compressed.data.xbb" (no BoundingBox) ---
l. 271 --- needs --- assets/good-large_compressed.data.png ---
! Argument of \caption@@@withoptargs has an extra }.
<inserted text> 
                \par 
l.271 ...]{assets/good-large_compressed.data.png}}
                                                  
I've run across a `}' that doesn't seem to match anything.
For example, `\def\a#1{...}' and `\a}' would produce
this error. If you simply proceed now, the `\par' that
I've just inserted will cause me to report a runaway
argument that might be the root of the problem. But if
your `}' was spurious, just type `2' and it will go away.

Runaway argument?
{\subcaption@@label }{\def \reserved@a *{\def \caption@tempa {*}\caption@@witho
ptargs \ETC.
! Paragraph ended before \caption@@@withoptargs was complete.
<to be read again> 
                   \par 
l.271 ...]{assets/good-large_compressed.data.png}}
                                                  
I suspect you've forgotten a `}', causing me to apply this
control sequence to too much text. How can we recover?
My plan is to forget the whole thing and hope for the best.

! Argument of \caption@@@withoptargs has an extra }.
<inserted text> 
                \par 
l.271 ...]{assets/good-large_compressed.data.png}}
                                                  
I've run across a `}' that doesn't seem to match anything.
For example, `\def\a#1{...}' and `\a}' would produce
this error. If you simply proceed now, the `\par' that
I've just inserted will cause me to report a runaway
argument that might be the root of the problem. But if
your `}' was spurious, just type `2' and it will go away.

Runaway argument?
{\subcaption@@label }{\def \reserved@a *{\def \caption@tempa {*}\caption@@witho
ptargs \ETC.
! Paragraph ended before \caption@@@withoptargs was complete.
<to be read again> 
                   \par 
l.271 ...]{assets/good-large_compressed.data.png}}
                                                  
I suspect you've forgotten a `}', causing me to apply this
control sequence to too much text. How can we recover?
My plan is to forget the whole thing and hope for the best.

l. 272 Writing main.idv[1] (main0x.svg)
l.273 --- TeX4ht warning --- File `"assets/stage1_carved.data.xbb"' not found -
--
l.273 --- TeX4ht warning --- Cannot determine size of graphic in "assets/stage1
_carved.data.xbb" (no BoundingBox) ---
l. 273 --- needs --- assets/stage1_carved.data.png ---
! Argument of \caption@@@withoptargs has an extra }.
<inserted text> 
                \par 
l.273 ...extwidth]{assets/stage1_carved.data.png}}
                                                  
I've run across a `}' that doesn't seem to match anything.
For example, `\def\a#1{...}' and `\a}' would produce
this error. If you simply proceed now, the `\par' that
I've just inserted will cause me to report a runaway
argument that might be the root of the problem. But if
your `}' was spurious, just type `2' and it will go away.

Runaway argument?
{\subcaption@@label }{\def \reserved@a *{\def \caption@tempa {*}\caption@@witho
ptargs \ETC.
! Paragraph ended before \caption@@@withoptargs was complete.
<to be read again> 
                   \par 
l.273 ...extwidth]{assets/stage1_carved.data.png}}
                                                  
I suspect you've forgotten a `}', causing me to apply this
control sequence to too much text. How can we recover?
My plan is to forget the whole thing and hope for the best.

! Argument of \caption@@@withoptargs has an extra }.
<inserted text> 
                \par 
l.273 ...extwidth]{assets/stage1_carved.data.png}}
                                                  
I've run across a `}' that doesn't seem to match anything.
For example, `\def\a#1{...}' and `\a}' would produce
this error. If you simply proceed now, the `\par' that
I've just inserted will cause me to report a runaway
argument that might be the root of the problem. But if
your `}' was spurious, just type `2' and it will go away.

Runaway argument?
{\subcaption@@label }{\def \reserved@a *{\def \caption@tempa {*}\caption@@witho
ptargs \ETC.
! Paragraph ended before \caption@@@withoptargs was complete.
<to be read again> 
                   \par 
l.273 ...extwidth]{assets/stage1_carved.data.png}}
                                                  
I suspect you've forgotten a `}', causing me to apply this
control sequence to too much text. How can we recover?
My plan is to forget the whole thing and hope for the best.

[13] [14] [15] [16] [17] [18] [19] [20] [21] [22

]
l.529 --- TeX4ht warning --- File `"assets/xz-backdoor-graphic-thomas-roccia-64
0x896.xbb"' not found ---
l.529 --- TeX4ht warning --- Cannot determine size of graphic in "assets/xz-bac
kdoor-graphic-thomas-roccia-640x896.xbb" (no BoundingBox) ---
l. 529 --- needs --- assets/xz-backdoor-graphic-thomas-roccia-640x896.jpg ---
[23

] [24

] (./main.bbl [25

]) [26] (./main.4ct) [27

] [28

] (./main.aux) ) 
Here is how much of TeX's memory you used:
 31268 strings out of 478288
 554985 string characters out of 5849316
 1135991 words of memory out of 5000000
 48675 multiletter control sequences out of 15000+600000
 483163 words of font info for 58 fonts, out of 8000000 for 9000
 1141 hyphenation exceptions out of 8191
 93i,6n,111p,1502b,2085s stack positions out of 5000i,500n,10000p,200000b,80000s

Output written on main.dvi (28 pages, 476196 bytes).
